  MenuForm.cpp
C:\Users\andre\source\repos\Lab3\Lab3\TFigure.h(203,16): warning C4244: =: преобразование "double" в "float", возможна потеря данных
C:\Users\andre\source\repos\Lab3\Lab3\TFigure.h(204,16): warning C4244: =: преобразование "double" в "float", возможна потеря данных
C:\Users\andre\source\repos\Lab3\Lab3\TFigure.h(205,16): warning C4244: =: преобразование "double" в "float", возможна потеря данных
C:\Users\andre\source\repos\Lab3\Lab3\TFigure.h(206,16): warning C4244: инициализация: преобразование "int" в "float", возможна потеря данных
C:\Users\andre\source\repos\Lab3\Lab3\TFigure.h(207,16): warning C4244: инициализация: преобразование "int" в "float", возможна потеря данных
C:\Users\andre\source\repos\Lab3\Lab3\TFigure.h(208,16): warning C4244: инициализация: преобразование "int" в "float", возможна потеря данных
C:\Users\andre\source\repos\Lab3\Lab3\TFigure.h(216,16): warning C4244: +=: преобразование "double" в "float", возможна потеря данных
C:\Users\andre\source\repos\Lab3\Lab3\TFigure.h(284,38): warning C4244: аргумент: преобразование "int" в "float", возможна потеря данных
C:\Users\andre\source\repos\Lab3\Lab3\TFigure.h(284,30): warning C4244: аргумент: преобразование "int" в "float", возможна потеря данных
C:\Users\andre\source\repos\Lab3\Lab3\TFigure.h(285,44): warning C4244: аргумент: преобразование "int" в "float", возможна потеря данных
C:\Users\andre\source\repos\Lab3\Lab3\TFigure.h(285,33): warning C4244: аргумент: преобразование "int" в "float", возможна потеря данных
C:\Users\andre\source\repos\Lab3\Lab3\TFigure.h(286,44): warning C4244: аргумент: преобразование "int" в "float", возможна потеря данных
C:\Users\andre\source\repos\Lab3\Lab3\TFigure.h(286,33): warning C4244: аргумент: преобразование "int" в "float", возможна потеря данных
C:\Users\andre\source\repos\Lab3\Lab3\TFigure.h(287,44): warning C4244: аргумент: преобразование "int" в "float", возможна потеря данных
C:\Users\andre\source\repos\Lab3\Lab3\TFigure.h(287,33): warning C4244: аргумент: преобразование "int" в "float", возможна потеря данных
C:\Users\andre\source\repos\Lab3\Lab3\TFigure.h(316,1): warning C4305: +=: усечение из "double" в "float"
C:\Users\andre\source\repos\Lab3\Lab3\TFigure.h(317,1): warning C4305: +=: усечение из "double" в "float"
C:\Users\andre\source\repos\Lab3\Lab3\TFigure.h(318,1): warning C4305: +=: усечение из "double" в "float"
C:\Users\andre\source\repos\Lab3\Lab3\TFigure.h(319,18): warning C4244: аргумент: преобразование "float" в "int", возможна потеря данных
C:\Users\andre\source\repos\Lab3\Lab3\TFigure.h(320,18): warning C4244: аргумент: преобразование "float" в "int", возможна потеря данных
C:\Users\andre\source\repos\Lab3\Lab3\TFigure.h(321,18): warning C4244: аргумент: преобразование "float" в "int", возможна потеря данных
C:\Users\andre\source\repos\Lab3\Lab3\TFigure.h(322,18): warning C4244: аргумент: преобразование "float" в "int", возможна потеря данных
C:\Users\andre\source\repos\Lab3\Lab3\TFigure.h(323,18): warning C4244: аргумент: преобразование "float" в "int", возможна потеря данных
C:\Users\andre\source\repos\Lab3\Lab3\TFigure.h(324,18): warning C4244: аргумент: преобразование "float" в "int", возможна потеря данных
C:\Users\andre\source\repos\Lab3\Lab3\MenuForm.cpp(9,1): warning C4829: Возможно, неправильные параметры функции main. Рекомендуемый вариант - "int main(Platform::Array<Platform::String^>^ argv)"
C:\Users\andre\source\repos\Lab3\Lab3\MenuForm.cpp(67,12): warning C4244: аргумент: преобразование "time_t" в "unsigned int", возможна потеря данных
C:\Users\andre\source\repos\Lab3\Lab3\MenuForm.cpp(114,12): warning C4244: аргумент: преобразование "time_t" в "unsigned int", возможна потеря данных
C:\Users\andre\source\repos\Lab3\Lab3\MenuForm.cpp(163,12): warning C4244: аргумент: преобразование "time_t" в "unsigned int", возможна потеря данных
C:\Users\andre\source\repos\Lab3\Lab3\MenuForm.cpp(247,12): warning C4244: аргумент: преобразование "time_t" в "unsigned int", возможна потеря данных
C:\Users\andre\source\repos\Lab3\Lab3\MenuForm.cpp(273,12): warning C4244: аргумент: преобразование "time_t" в "unsigned int", возможна потеря данных
C:\Users\andre\source\repos\Lab3\Lab3\MenuForm.cpp(299,12): warning C4244: аргумент: преобразование "time_t" в "unsigned int", возможна потеря данных
C:\Users\andre\source\repos\Lab3\Lab3\MenuForm.cpp(416,12): warning C4244: аргумент: преобразование "time_t" в "unsigned int", возможна потеря данных
  MenuForm.obj : обнаружен модуль MSIL; для MSIL последовательная компоновка отключена; выполняется полная компоновка
  Lab3.vcxproj -> C:\Users\andre\source\repos\Lab3\x64\Debug\Lab3.exe
